  [1m[35m (365.6ms)[0m  [1m[35mCREATE DATABASE "demo_project_development" ENCODING = 'unicode'[0m
  [1m[35m (277.3ms)[0m  [1m[35mCREATE DATABASE "demo_project_test" ENCODING = 'unicode'[0m
  [1m[35m (18.8ms)[0m  [1m[35mCREATE TABLE "schema_migrations" ("version" character varying NOT NULL PRIMARY KEY)[0m
  [1m[35m (5.2ms)[0m  [1m[35mCREATE TABLE "ar_internal_metadata" ("key" character varying NOT NULL PRIMARY KEY, "value" character varying, "created_at" timestamp(6) NOT NULL, "updated_at" timestamp(6) NOT NULL)[0m
  [1m[35m (1.1ms)[0m  [1m[34mSELECT pg_try_advisory_lock(3664083811000030320)[0m
  [1m[35m (1.7ms)[0m  [1m[34mSELECT "schema_migrations"."version" FROM "schema_migrations" ORDER BY "schema_migrations"."version" ASC[0m
Migrating to CreatePeople (20201001012049)
  [1m[35m (0.8ms)[0m  [1m[35mBEGIN[0m
  [1m[35m (8.6ms)[0m  [1m[35mCREATE TABLE "people" ("id" bigserial primary key, "name" character varying NOT NULL, "house_id" integer NOT NULL)[0m
  [1m[36mprimary::SchemaMigration Create (3.7ms)[0m  [1m[32mINSERT INTO "schema_migrations" ("version") VALUES ($1) RETURNING "version"[0m  [["version", "20201001012049"]]
  [1m[35m (0.6ms)[0m  [1m[35mCOMMIT[0m
Migrating to CreateHouses (20201001012914)
  [1m[35m (0.3ms)[0m  [1m[35mBEGIN[0m
  [1m[35m (4.0ms)[0m  [1m[35mCREATE TABLE "houses" ("id" bigserial primary key, "address" text NOT NULL)[0m
  [1m[36mprimary::SchemaMigration Create (0.9ms)[0m  [1m[32mINSERT INTO "schema_migrations" ("version") VALUES ($1) RETURNING "version"[0m  [["version", "20201001012914"]]
  [1m[35m (0.8ms)[0m  [1m[35mCOMMIT[0m
  [1m[36mActiveRecord::InternalMetadata Load (1.0ms)[0m  [1m[34mSELECT "ar_internal_metadata".* FROM "ar_internal_metadata" WHERE "ar_internal_metadata"."key" = $1 LIMIT $2[0m  [["key", "environment"], ["LIMIT", 1]]
  [1m[35m (0.2ms)[0m  [1m[35mBEGIN[0m
  [1m[36mActiveRecord::InternalMetadata Create (1.6ms)[0m  [1m[32mINSERT INTO "ar_internal_metadata" ("key", "value", "created_at", "updated_at") VALUES ($1, $2, $3, $4) RETURNING "key"[0m  [["key", "environment"], ["value", "development"], ["created_at", "2020-10-01 01:33:50.994621"], ["updated_at", "2020-10-01 01:33:50.994621"]]
  [1m[35m (0.6ms)[0m  [1m[35mCOMMIT[0m
  [1m[35m (0.5ms)[0m  [1m[34mSELECT pg_advisory_unlock(3664083811000030320)[0m
  [1m[35m (1.5ms)[0m  [1m[34mSELECT "schema_migrations"."version" FROM "schema_migrations" ORDER BY "schema_migrations"."version" ASC[0m
  [1m[35m (0.2ms)[0m  [1m[35mBEGIN[0m
  [1m[36mHouse Create (1.5ms)[0m  [1m[32mINSERT INTO "houses" ("address") VALUES ($1) RETURNING "id"[0m  [["address", "308 Negra Arroyo Lane"]]
  [1m[35m (0.9ms)[0m  [1m[35mCOMMIT[0m
  [1m[35m (0.2ms)[0m  [1m[35mBEGIN[0m
  [1m[36mHouse Load (0.4ms)[0m  [1m[34mSELECT "houses".* FROM "houses" WHERE "houses"."id" = $1 LIMIT $2[0m  [["id", 1], ["LIMIT", 1]]
  [1m[36mPerson Create (2.2ms)[0m  [1m[32mINSERT INTO "people" ("name", "house_id") VALUES ($1, $2) RETURNING "id"[0m  [["name", "Walter White"], ["house_id", 1]]
  [1m[35m (0.6ms)[0m  [1m[35mCOMMIT[0m
  [1m[35m (0.2ms)[0m  [1m[35mBEGIN[0m
  [1m[36mHouse Create (0.3ms)[0m  [1m[32mINSERT INTO "houses" ("address") VALUES ($1) RETURNING "id"[0m  [["address", "308 Negra Arroyo Lane"]]
  [1m[35m (5.5ms)[0m  [1m[35mCOMMIT[0m
